2026-04-13 17:10:41 | ERROR    | uvicorn.error | Traceback (most recent call last):
  File "C:\Users\HP\AI-Mental-Health-Harassment-Safety-checker\backend\venv\Lib\site-packages\starlette\routing.py", line 694, in lifespan
    async with self.lifespan_context(app) as maybe_state:
  File "C:\Program Files\Python312\Lib\contextlib.py", line 210, in __aenter__
    return await anext(self.gen)
           ^^^^^^^^^^^^^^^^^^^^^
  File "C:\Users\HP\AI-Mental-Health-Harassment-Safety-checker\backend\venv\Lib\site-packages\fastapi\routing.py", line 212, in merged_lifespan
    async with original_context(app) as maybe_original_state:
  File "C:\Program Files\Python312\Lib\contextlib.py", line 210, in __aenter__
    return await anext(self.gen)
           ^^^^^^^^^^^^^^^^^^^^^
  File "C:\Users\HP\AI-Mental-Health-Harassment-Safety-checker\backend\venv\Lib\site-packages\fastapi\routing.py", line 212, in merged_lifespan
    async with original_context(app) as maybe_original_state:
  File "C:\Program Files\Python312\Lib\contextlib.py", line 210, in __aenter__
    return await anext(self.gen)
           ^^^^^^^^^^^^^^^^^^^^^
  File "C:\Users\HP\AI-Mental-Health-Harassment-Safety-checker\backend\venv\Lib\site-packages\fastapi\routing.py", line 212, in merged_lifespan
    async with original_context(app) as maybe_original_state:
  File "C:\Program Files\Python312\Lib\contextlib.py", line 210, in __aenter__
    return await anext(self.gen)
           ^^^^^^^^^^^^^^^^^^^^^
  File "C:\Users\HP\AI-Mental-Health-Harassment-Safety-checker\backend\venv\Lib\site-packages\fastapi\routing.py", line 212, in merged_lifespan
    async with original_context(app) as maybe_original_state:
  File "C:\Program Files\Python312\Lib\contextlib.py", line 210, in __aenter__
    return await anext(self.gen)
           ^^^^^^^^^^^^^^^^^^^^^
  File "C:\Users\HP\AI-Mental-Health-Harassment-Safety-checker\backend\venv\Lib\site-packages\fastapi\routing.py", line 212, in merged_lifespan
    async with original_context(app) as maybe_original_state:
  File "C:\Program Files\Python312\Lib\contextlib.py", line 210, in __aenter__
    return await anext(self.gen)
           ^^^^^^^^^^^^^^^^^^^^^
  File "C:\Users\HP\AI-Mental-Health-Harassment-Safety-checker\backend\venv\Lib\site-packages\fastapi\routing.py", line 212, in merged_lifespan
    async with original_context(app) as maybe_original_state:
  File "C:\Program Files\Python312\Lib\contextlib.py", line 210, in __aenter__
    return await anext(self.gen)
           ^^^^^^^^^^^^^^^^^^^^^
  File "C:\Users\HP\AI-Mental-Health-Harassment-Safety-checker\backend\main.py", line 20, in lifespan
    await connect_db()
  File "C:\Users\HP\AI-Mental-Health-Harassment-Safety-checker\backend\database\connection.py", line 50, in connect_db
    await database["users"].create_index("email", unique=True)
  File "C:\Program Files\Python312\Lib\concurrent\futures\thread.py", line 58, in run
    result = self.fn(*self.args, **self.kwargs)
             ^^^^^^^^^^^^^^^^^^^^^^^^^^^^^^^^^^
  File "C:\Users\HP\AI-Mental-Health-Harassment-Safety-checker\backend\venv\Lib\site-packages\pymongo\synchronous\collection.py", line 2387, in create_index
    return (self._create_indexes([index], session, **cmd_options))[0]
            ^^^^^^^^^^^^^^^^^^^^^^^^^^^^^^^^^^^^^^^^^^^^^^^^^^^^^
  File "C:\Users\HP\AI-Mental-Health-Harassment-Safety-checker\backend\venv\Lib\site-packages\pymongo\_csot.py", line 125, in csot_wrapper
    return func(self, *args, **kwargs)
           ^^^^^^^^^^^^^^^^^^^^^^^^^^^
  File "C:\Users\HP\AI-Mental-Health-Harassment-Safety-checker\backend\venv\Lib\site-packages\pymongo\synchronous\collection.py", line 2240, in _create_indexes
    with self._conn_for_writes(session, operation=_Op.CREATE_INDEXES) as conn:
         ^^^^^^^^^^^^^^^^^^^^^^^^^^^^^^^^^^^^^^^^^^^^^^^^^^^^^^^^^^^^
  File "C:\Users\HP\AI-Mental-Health-Harassment-Safety-checker\backend\venv\Lib\site-packages\pymongo\synchronous\collection.py", line 578, in _conn_for_writes
    return self._database.client._conn_for_writes(session, operation)
           ^^^^^^^^^^^^^^^^^^^^^^^^^^^^^^^^^^^^^^^^^^^^^^^^^^^^^^^^^^
  File "C:\Users\HP\AI-Mental-Health-Harassment-Safety-checker\backend\venv\Lib\site-packages\pymongo\synchronous\mongo_client.py", line 1850, in _conn_for_writes
    server = self._select_server(writable_server_selector, session, operation)
             ^^^^^^^^^^^^^^^^^^^^^^^^^^^^^^^^^^^^^^^^^^^^^^^^^^^^^^^^^^^^^^^^^
  File "C:\Users\HP\AI-Mental-Health-Harassment-Safety-checker\backend\venv\Lib\site-packages\pymongo\synchronous\mongo_client.py", line 1833, in _select_server
    server = topology.select_server(
             ^^^^^^^^^^^^^^^^^^^^^^^
  File "C:\Users\HP\AI-Mental-Health-Harassment-Safety-checker\backend\venv\Lib\site-packages\pymongo\synchronous\topology.py", line 428, in select_server
    server = self._select_server(
             ^^^^^^^^^^^^^^^^^^^^
  File "C:\Users\HP\AI-Mental-Health-Harassment-Safety-checker\backend\venv\Lib\site-packages\pymongo\synchronous\topology.py", line 402, in _select_server
    servers = self.select_servers(
              ^^^^^^^^^^^^^^^^^^^^
  File "C:\Users\HP\AI-Mental-Health-Harassment-Safety-checker\backend\venv\Lib\site-packages\pymongo\synchronous\topology.py", line 298, in select_servers
    server_descriptions = self._select_servers_loop(
                          ^^^^^^^^^^^^^^^^^^^^^^^^^^
  File "C:\Users\HP\AI-Mental-Health-Harassment-Safety-checker\backend\venv\Lib\site-packages\pymongo\synchronous\topology.py", line 359, in _select_servers_loop
    raise ServerSelectionTimeoutError(
pymongo.errors.ServerSelectionTimeoutError: SSL handshake failed: ac-gcwmuzf-shard-00-02.g4yl8ju.mongodb.net:27017: [SSL: TLSV1_ALERT_INTERNAL_ERROR] tlsv1 alert internal error (_ssl.c:1000) (configured timeouts: socketTimeoutMS: 20000.0ms, connectTimeoutMS: 20000.0ms),SSL handshake failed: ac-gcwmuzf-shard-00-01.g4yl8ju.mongodb.net:27017: [SSL: TLSV1_ALERT_INTERNAL_ERROR] tlsv1 alert internal error (_ssl.c:1000) (configured timeouts: socketTimeoutMS: 20000.0ms, connectTimeoutMS: 20000.0ms),SSL handshake failed: ac-gcwmuzf-shard-00-00.g4yl8ju.mongodb.net:27017: [SSL: TLSV1_ALERT_INTERNAL_ERROR] tlsv1 alert internal error (_ssl.c:1000) (configured timeouts: socketTimeoutMS: 20000.0ms, connectTimeoutMS: 20000.0ms), Timeout: 30s, Topology Description: <TopologyDescription id: 69dcd618998b4effeac77a9d, topology_type: ReplicaSetNoPrimary, servers: [<ServerDescription ('ac-gcwmuzf-shard-00-00.g4yl8ju.mongodb.net', 27017) server_type: Unknown, rtt: None, error=AutoReconnect('SSL handshake failed: ac-gcwmuzf-shard-00-00.g4yl8ju.mongodb.net:27017: [SSL: TLSV1_ALERT_INTERNAL_ERROR] tlsv1 alert internal error (_ssl.c:1000) (configured timeouts: socketTimeoutMS: 20000.0ms, connectTimeoutMS: 20000.0ms)')>, <ServerDescription ('ac-gcwmuzf-shard-00-01.g4yl8ju.mongodb.net', 27017) server_type: Unknown, rtt: None, error=AutoReconnect('SSL handshake failed: ac-gcwmuzf-shard-00-01.g4yl8ju.mongodb.net:27017: [SSL: TLSV1_ALERT_INTERNAL_ERROR] tlsv1 alert internal error (_ssl.c:1000) (configured timeouts: socketTimeoutMS: 20000.0ms, connectTimeoutMS: 20000.0ms)')>, <ServerDescription ('ac-gcwmuzf-shard-00-02.g4yl8ju.mongodb.net', 27017) server_type: Unknown, rtt: None, error=AutoReconnect('SSL handshake failed: ac-gcwmuzf-shard-00-02.g4yl8ju.mongodb.net:27017: [SSL: TLSV1_ALERT_INTERNAL_ERROR] tlsv1 alert internal error (_ssl.c:1000) (configured timeouts: socketTimeoutMS: 20000.0ms, connectTimeoutMS: 20000.0ms)')>]>

2026-04-13 17:10:41 | ERROR    | uvicorn.error | Application startup failed. Exiting.
2026-04-13 17:11:32 | ERROR    | uvicorn.error | Traceback (most recent call last):
  File "C:\Users\HP\AI-Mental-Health-Harassment-Safety-checker\backend\venv\Lib\site-packages\starlette\routing.py", line 694, in lifespan
    async with self.lifespan_context(app) as maybe_state:
  File "C:\Program Files\Python312\Lib\contextlib.py", line 210, in __aenter__
    return await anext(self.gen)
           ^^^^^^^^^^^^^^^^^^^^^
  File "C:\Users\HP\AI-Mental-Health-Harassment-Safety-checker\backend\venv\Lib\site-packages\fastapi\routing.py", line 212, in merged_lifespan
    async with original_context(app) as maybe_original_state:
  File "C:\Program Files\Python312\Lib\contextlib.py", line 210, in __aenter__
    return await anext(self.gen)
           ^^^^^^^^^^^^^^^^^^^^^
  File "C:\Users\HP\AI-Mental-Health-Harassment-Safety-checker\backend\venv\Lib\site-packages\fastapi\routing.py", line 212, in merged_lifespan
    async with original_context(app) as maybe_original_state:
  File "C:\Program Files\Python312\Lib\contextlib.py", line 210, in __aenter__
    return await anext(self.gen)
           ^^^^^^^^^^^^^^^^^^^^^
  File "C:\Users\HP\AI-Mental-Health-Harassment-Safety-checker\backend\venv\Lib\site-packages\fastapi\routing.py", line 212, in merged_lifespan
    async with original_context(app) as maybe_original_state:
  File "C:\Program Files\Python312\Lib\contextlib.py", line 210, in __aenter__
    return await anext(self.gen)
           ^^^^^^^^^^^^^^^^^^^^^
  File "C:\Users\HP\AI-Mental-Health-Harassment-Safety-checker\backend\venv\Lib\site-packages\fastapi\routing.py", line 212, in merged_lifespan
    async with original_context(app) as maybe_original_state:
  File "C:\Program Files\Python312\Lib\contextlib.py", line 210, in __aenter__
    return await anext(self.gen)
           ^^^^^^^^^^^^^^^^^^^^^
  File "C:\Users\HP\AI-Mental-Health-Harassment-Safety-checker\backend\venv\Lib\site-packages\fastapi\routing.py", line 212, in merged_lifespan
    async with original_context(app) as maybe_original_state:
  File "C:\Program Files\Python312\Lib\contextlib.py", line 210, in __aenter__
    return await anext(self.gen)
           ^^^^^^^^^^^^^^^^^^^^^
  File "C:\Users\HP\AI-Mental-Health-Harassment-Safety-checker\backend\venv\Lib\site-packages\fastapi\routing.py", line 212, in merged_lifespan
    async with original_context(app) as maybe_original_state:
  File "C:\Program Files\Python312\Lib\contextlib.py", line 210, in __aenter__
    return await anext(self.gen)
           ^^^^^^^^^^^^^^^^^^^^^
  File "C:\Users\HP\AI-Mental-Health-Harassment-Safety-checker\backend\main.py", line 20, in lifespan
    await connect_db()
  File "C:\Users\HP\AI-Mental-Health-Harassment-Safety-checker\backend\database\connection.py", line 50, in connect_db
    await database["users"].create_index("email", unique=True)
  File "C:\Program Files\Python312\Lib\concurrent\futures\thread.py", line 58, in run
    result = self.fn(*self.args, **self.kwargs)
             ^^^^^^^^^^^^^^^^^^^^^^^^^^^^^^^^^^
  File "C:\Users\HP\AI-Mental-Health-Harassment-Safety-checker\backend\venv\Lib\site-packages\pymongo\synchronous\collection.py", line 2387, in create_index
    return (self._create_indexes([index], session, **cmd_options))[0]
            ^^^^^^^^^^^^^^^^^^^^^^^^^^^^^^^^^^^^^^^^^^^^^^^^^^^^^
  File "C:\Users\HP\AI-Mental-Health-Harassment-Safety-checker\backend\venv\Lib\site-packages\pymongo\_csot.py", line 125, in csot_wrapper
    return func(self, *args, **kwargs)
           ^^^^^^^^^^^^^^^^^^^^^^^^^^^
  File "C:\Users\HP\AI-Mental-Health-Harassment-Safety-checker\backend\venv\Lib\site-packages\pymongo\synchronous\collection.py", line 2240, in _create_indexes
    with self._conn_for_writes(session, operation=_Op.CREATE_INDEXES) as conn:
         ^^^^^^^^^^^^^^^^^^^^^^^^^^^^^^^^^^^^^^^^^^^^^^^^^^^^^^^^^^^^
  File "C:\Users\HP\AI-Mental-Health-Harassment-Safety-checker\backend\venv\Lib\site-packages\pymongo\synchronous\collection.py", line 578, in _conn_for_writes
    return self._database.client._conn_for_writes(session, operation)
           ^^^^^^^^^^^^^^^^^^^^^^^^^^^^^^^^^^^^^^^^^^^^^^^^^^^^^^^^^^
  File "C:\Users\HP\AI-Mental-Health-Harassment-Safety-checker\backend\venv\Lib\site-packages\pymongo\synchronous\mongo_client.py", line 1850, in _conn_for_writes
    server = self._select_server(writable_server_selector, session, operation)
             ^^^^^^^^^^^^^^^^^^^^^^^^^^^^^^^^^^^^^^^^^^^^^^^^^^^^^^^^^^^^^^^^^
  File "C:\Users\HP\AI-Mental-Health-Harassment-Safety-checker\backend\venv\Lib\site-packages\pymongo\synchronous\mongo_client.py", line 1833, in _select_server
    server = topology.select_server(
             ^^^^^^^^^^^^^^^^^^^^^^^
  File "C:\Users\HP\AI-Mental-Health-Harassment-Safety-checker\backend\venv\Lib\site-packages\pymongo\synchronous\topology.py", line 428, in select_server
    server = self._select_server(
             ^^^^^^^^^^^^^^^^^^^^
  File "C:\Users\HP\AI-Mental-Health-Harassment-Safety-checker\backend\venv\Lib\site-packages\pymongo\synchronous\topology.py", line 402, in _select_server
    servers = self.select_servers(
              ^^^^^^^^^^^^^^^^^^^^
  File "C:\Users\HP\AI-Mental-Health-Harassment-Safety-checker\backend\venv\Lib\site-packages\pymongo\synchronous\topology.py", line 298, in select_servers
    server_descriptions = self._select_servers_loop(
                          ^^^^^^^^^^^^^^^^^^^^^^^^^^
  File "C:\Users\HP\AI-Mental-Health-Harassment-Safety-checker\backend\venv\Lib\site-packages\pymongo\synchronous\topology.py", line 359, in _select_servers_loop
    raise ServerSelectionTimeoutError(
pymongo.errors.ServerSelectionTimeoutError: SSL handshake failed: ac-gcwmuzf-shard-00-01.g4yl8ju.mongodb.net:27017: [SSL: TLSV1_ALERT_INTERNAL_ERROR] tlsv1 alert internal error (_ssl.c:1000) (configured timeouts: socketTimeoutMS: 20000.0ms, connectTimeoutMS: 20000.0ms),SSL handshake failed: ac-gcwmuzf-shard-00-02.g4yl8ju.mongodb.net:27017: [SSL: TLSV1_ALERT_INTERNAL_ERROR] tlsv1 alert internal error (_ssl.c:1000) (configured timeouts: socketTimeoutMS: 20000.0ms, connectTimeoutMS: 20000.0ms),SSL handshake failed: ac-gcwmuzf-shard-00-00.g4yl8ju.mongodb.net:27017: [SSL: TLSV1_ALERT_INTERNAL_ERROR] tlsv1 alert internal error (_ssl.c:1000) (configured timeouts: socketTimeoutMS: 20000.0ms, connectTimeoutMS: 20000.0ms), Timeout: 30s, Topology Description: <TopologyDescription id: 69dcd64b342bb5efc904d738, topology_type: ReplicaSetNoPrimary, servers: [<ServerDescription ('ac-gcwmuzf-shard-00-00.g4yl8ju.mongodb.net', 27017) server_type: Unknown, rtt: None, error=AutoReconnect('SSL handshake failed: ac-gcwmuzf-shard-00-00.g4yl8ju.mongodb.net:27017: [SSL: TLSV1_ALERT_INTERNAL_ERROR] tlsv1 alert internal error (_ssl.c:1000) (configured timeouts: socketTimeoutMS: 20000.0ms, connectTimeoutMS: 20000.0ms)')>, <ServerDescription ('ac-gcwmuzf-shard-00-01.g4yl8ju.mongodb.net', 27017) server_type: Unknown, rtt: None, error=AutoReconnect('SSL handshake failed: ac-gcwmuzf-shard-00-01.g4yl8ju.mongodb.net:27017: [SSL: TLSV1_ALERT_INTERNAL_ERROR] tlsv1 alert internal error (_ssl.c:1000) (configured timeouts: socketTimeoutMS: 20000.0ms, connectTimeoutMS: 20000.0ms)')>, <ServerDescription ('ac-gcwmuzf-shard-00-02.g4yl8ju.mongodb.net', 27017) server_type: Unknown, rtt: None, error=AutoReconnect('SSL handshake failed: ac-gcwmuzf-shard-00-02.g4yl8ju.mongodb.net:27017: [SSL: TLSV1_ALERT_INTERNAL_ERROR] tlsv1 alert internal error (_ssl.c:1000) (configured timeouts: socketTimeoutMS: 20000.0ms, connectTimeoutMS: 20000.0ms)')>]>

2026-04-13 17:11:32 | ERROR    | uvicorn.error | Application startup failed. Exiting.
2026-04-13 17:32:54 | ERROR    | access | ✗ GET /assessment/generate/mental_health | UNHANDLED ERROR: 400 INVALID_ARGUMENT. {'error': {'code': 400, 'message': 'API key expired. Please renew the API key.', 'status': 'INVALID_ARGUMENT', 'details': [{'@type': 'type.googleapis.com/google.rpc.ErrorInfo', 'reason': 'API_KEY_INVALID', 'domain': 'googleapis.com', 'metadata': {'service': 'generativelanguage.googleapis.com'}}, {'@type': 'type.googleapis.com/google.rpc.LocalizedMessage', 'locale': 'en-US', 'message': 'API key expired. Please renew the API key.'}]}} | 1688.1ms
2026-04-13 17:32:54 | ERROR    | uvicorn.error | Exception in ASGI application
Traceback (most recent call last):
  File "C:\Users\HP\AI-Mental-Health-Harassment-Safety-checker\backend\venv\Lib\site-packages\uvicorn\protocols\http\httptools_impl.py", line 416, in run_asgi
    result = await app(  # type: ignore[func-returns-value]
             ^^^^^^^^^^^^^^^^^^^^^^^^^^^^^^^^^^^^^^^^^^^^^^
  File "C:\Users\HP\AI-Mental-Health-Harassment-Safety-checker\backend\venv\Lib\site-packages\uvicorn\middleware\proxy_headers.py", line 60, in __call__
    return await self.app(scope, receive, send)
           ^^^^^^^^^^^^^^^^^^^^^^^^^^^^^^^^^^^^
  File "C:\Users\HP\AI-Mental-Health-Harassment-Safety-checker\backend\venv\Lib\site-packages\fastapi\applications.py", line 1160, in __call__
    await super().__call__(scope, receive, send)
  File "C:\Users\HP\AI-Mental-Health-Harassment-Safety-checker\backend\venv\Lib\site-packages\starlette\applications.py", line 107, in __call__
    await self.middleware_stack(scope, receive, send)
  File "C:\Users\HP\AI-Mental-Health-Harassment-Safety-checker\backend\venv\Lib\site-packages\starlette\middleware\errors.py", line 186, in __call__
    raise exc
  File "C:\Users\HP\AI-Mental-Health-Harassment-Safety-checker\backend\venv\Lib\site-packages\starlette\middleware\errors.py", line 164, in __call__
    await self.app(scope, receive, _send)
  File "C:\Users\HP\AI-Mental-Health-Harassment-Safety-checker\backend\venv\Lib\site-packages\starlette\middleware\cors.py", line 95, in __call__
    await self.simple_response(scope, receive, send, request_headers=headers)
  File "C:\Users\HP\AI-Mental-Health-Harassment-Safety-checker\backend\venv\Lib\site-packages\starlette\middleware\cors.py", line 153, in simple_response
    await self.app(scope, receive, send)
  File "C:\Users\HP\AI-Mental-Health-Harassment-Safety-checker\backend\venv\Lib\site-packages\starlette\middleware\base.py", line 191, in __call__
    with recv_stream, send_stream, collapse_excgroups():
  File "C:\Program Files\Python312\Lib\contextlib.py", line 158, in __exit__
    self.gen.throw(value)
  File "C:\Users\HP\AI-Mental-Health-Harassment-Safety-checker\backend\venv\Lib\site-packages\starlette\_utils.py", line 87, in collapse_excgroups
    raise exc
  File "C:\Users\HP\AI-Mental-Health-Harassment-Safety-checker\backend\venv\Lib\site-packages\starlette\middleware\base.py", line 193, in __call__
    response = await self.dispatch_func(request, call_next)
               ^^^^^^^^^^^^^^^^^^^^^^^^^^^^^^^^^^^^^^^^^^^^
  File "C:\Users\HP\AI-Mental-Health-Harassment-Safety-checker\backend\logger\middleware.py", line 29, in dispatch
    response   = await call_next(request)
                 ^^^^^^^^^^^^^^^^^^^^^^^^
  File "C:\Users\HP\AI-Mental-Health-Harassment-Safety-checker\backend\venv\Lib\site-packages\starlette\middleware\base.py", line 168, in call_next
    raise app_exc from app_exc.__cause__ or app_exc.__context__
  File "C:\Users\HP\AI-Mental-Health-Harassment-Safety-checker\backend\venv\Lib\site-packages\starlette\middleware\base.py", line 144, in coro
    await self.app(scope, receive_or_disconnect, send_no_error)
  File "C:\Users\HP\AI-Mental-Health-Harassment-Safety-checker\backend\venv\Lib\site-packages\starlette\middleware\exceptions.py", line 63, in __call__
    await wrap_app_handling_exceptions(self.app, conn)(scope, receive, send)
  File "C:\Users\HP\AI-Mental-Health-Harassment-Safety-checker\backend\venv\Lib\site-packages\starlette\_exception_handler.py", line 53, in wrapped_app
    raise exc
  File "C:\Users\HP\AI-Mental-Health-Harassment-Safety-checker\backend\venv\Lib\site-packages\starlette\_exception_handler.py", line 42, in wrapped_app
    await app(scope, receive, sender)
  File "C:\Users\HP\AI-Mental-Health-Harassment-Safety-checker\backend\venv\Lib\site-packages\fastapi\middleware\asyncexitstack.py", line 18, in __call__
    await self.app(scope, receive, send)
  File "C:\Users\HP\AI-Mental-Health-Harassment-Safety-checker\backend\venv\Lib\site-packages\starlette\routing.py", line 716, in __call__
    await self.middleware_stack(scope, receive, send)
  File "C:\Users\HP\AI-Mental-Health-Harassment-Safety-checker\backend\venv\Lib\site-packages\starlette\routing.py", line 736, in app
    await route.handle(scope, receive, send)
  File "C:\Users\HP\AI-Mental-Health-Harassment-Safety-checker\backend\venv\Lib\site-packages\starlette\routing.py", line 290, in handle
    await self.app(scope, receive, send)
  File "C:\Users\HP\AI-Mental-Health-Harassment-Safety-checker\backend\venv\Lib\site-packages\fastapi\routing.py", line 130, in app
    await wrap_app_handling_exceptions(app, request)(scope, receive, send)
  File "C:\Users\HP\AI-Mental-Health-Harassment-Safety-checker\backend\venv\Lib\site-packages\starlette\_exception_handler.py", line 53, in wrapped_app
    raise exc
  File "C:\Users\HP\AI-Mental-Health-Harassment-Safety-checker\backend\venv\Lib\site-packages\starlette\_exception_handler.py", line 42, in wrapped_app
    await app(scope, receive, sender)
  File "C:\Users\HP\AI-Mental-Health-Harassment-Safety-checker\backend\venv\Lib\site-packages\fastapi\routing.py", line 116, in app
    response = await f(request)
               ^^^^^^^^^^^^^^^^
  File "C:\Users\HP\AI-Mental-Health-Harassment-Safety-checker\backend\venv\Lib\site-packages\fastapi\routing.py", line 670, in app
    raw_response = await run_endpoint_function(
                   ^^^^^^^^^^^^^^^^^^^^^^^^^^^^
  File "C:\Users\HP\AI-Mental-Health-Harassment-Safety-checker\backend\venv\Lib\site-packages\fastapi\routing.py", line 324, in run_endpoint_function
    return await dependant.call(**values)
           ^^^^^^^^^^^^^^^^^^^^^^^^^^^^^^
  File "C:\Users\HP\AI-Mental-Health-Harassment-Safety-checker\backend\routers\assessment.py", line 54, in generate_assessment
    result = await generate_dynamic_questions(
             ^^^^^^^^^^^^^^^^^^^^^^^^^^^^^^^^^
  File "C:\Users\HP\AI-Mental-Health-Harassment-Safety-checker\backend\services\assessment_service.py", line 174, in generate_dynamic_questions
    response = client.models.generate_content(
               ^^^^^^^^^^^^^^^^^^^^^^^^^^^^^^^
  File "C:\Users\HP\AI-Mental-Health-Harassment-Safety-checker\backend\venv\Lib\site-packages\google\genai\models.py", line 5864, in generate_content
    response = self._generate_content(
               ^^^^^^^^^^^^^^^^^^^^^^^
  File "C:\Users\HP\AI-Mental-Health-Harassment-Safety-checker\backend\venv\Lib\site-packages\google\genai\models.py", line 4526, in _generate_content
    response = self._api_client.request(
               ^^^^^^^^^^^^^^^^^^^^^^^^^
  File "C:\Users\HP\AI-Mental-Health-Harassment-Safety-checker\backend\venv\Lib\site-packages\google\genai\_api_client.py", line 1402, in request
    response = self._request(http_request, http_options, stream=False)
               ^^^^^^^^^^^^^^^^^^^^^^^^^^^^^^^^^^^^^^^^^^^^^^^^^^^^^^^
  File "C:\Users\HP\AI-Mental-Health-Harassment-Safety-checker\backend\venv\Lib\site-packages\google\genai\_api_client.py", line 1238, in _request
    return self._retry(self._request_once, http_request, stream)  # type: ignore[no-any-return]
           ^^^^^^^^^^^^^^^^^^^^^^^^^^^^^^^^^^^^^^^^^^^^^^^^^^^^^
  File "C:\Users\HP\AI-Mental-Health-Harassment-Safety-checker\backend\venv\Lib\site-packages\tenacity\__init__.py", line 470, in __call__
    do = self.iter(retry_state=retry_state)
         ^^^^^^^^^^^^^^^^^^^^^^^^^^^^^^^^^^
  File "C:\Users\HP\AI-Mental-Health-Harassment-Safety-checker\backend\venv\Lib\site-packages\tenacity\__init__.py", line 371, in iter
    result = action(retry_state)
             ^^^^^^^^^^^^^^^^^^^
  File "C:\Users\HP\AI-Mental-Health-Harassment-Safety-checker\backend\venv\Lib\site-packages\tenacity\__init__.py", line 413, in exc_check
    raise retry_exc.reraise()
          ^^^^^^^^^^^^^^^^^^^
  File "C:\Users\HP\AI-Mental-Health-Harassment-Safety-checker\backend\venv\Lib\site-packages\tenacity\__init__.py", line 184, in reraise
    raise self.last_attempt.result()
          ^^^^^^^^^^^^^^^^^^^^^^^^^^
  File "C:\Program Files\Python312\Lib\concurrent\futures\_base.py", line 449, in result
    return self.__get_result()
           ^^^^^^^^^^^^^^^^^^^
  File "C:\Program Files\Python312\Lib\concurrent\futures\_base.py", line 401, in __get_result
    raise self._exception
  File "C:\Users\HP\AI-Mental-Health-Harassment-Safety-checker\backend\venv\Lib\site-packages\tenacity\__init__.py", line 473, in __call__
    result = fn(*args, **kwargs)
             ^^^^^^^^^^^^^^^^^^^
  File "C:\Users\HP\AI-Mental-Health-Harassment-Safety-checker\backend\venv\Lib\site-packages\google\genai\_api_client.py", line 1215, in _request_once
    errors.APIError.raise_for_response(response)
  File "C:\Users\HP\AI-Mental-Health-Harassment-Safety-checker\backend\venv\Lib\site-packages\google\genai\errors.py", line 134, in raise_for_response
    cls.raise_error(response.status_code, response_json, response)
  File "C:\Users\HP\AI-Mental-Health-Harassment-Safety-checker\backend\venv\Lib\site-packages\google\genai\errors.py", line 159, in raise_error
    raise ClientError(status_code, response_json, response)
google.genai.errors.ClientError: 400 INVALID_ARGUMENT. {'error': {'code': 400, 'message': 'API key expired. Please renew the API key.', 'status': 'INVALID_ARGUMENT', 'details': [{'@type': 'type.googleapis.com/google.rpc.ErrorInfo', 'reason': 'API_KEY_INVALID', 'domain': 'googleapis.com', 'metadata': {'service': 'generativelanguage.googleapis.com'}}, {'@type': 'type.googleapis.com/google.rpc.LocalizedMessage', 'locale': 'en-US', 'message': 'API key expired. Please renew the API key.'}]}}
2026-04-13 17:33:19 | ERROR    | access | ✗ GET /assessment/generate/mental_health | UNHANDLED ERROR: 400 INVALID_ARGUMENT. {'error': {'code': 400, 'message': 'API key expired. Please renew the API key.', 'status': 'INVALID_ARGUMENT', 'details': [{'@type': 'type.googleapis.com/google.rpc.ErrorInfo', 'reason': 'API_KEY_INVALID', 'domain': 'googleapis.com', 'metadata': {'service': 'generativelanguage.googleapis.com'}}, {'@type': 'type.googleapis.com/google.rpc.LocalizedMessage', 'locale': 'en-US', 'message': 'API key expired. Please renew the API key.'}]}} | 17586.8ms
2026-04-13 17:33:19 | ERROR    | uvicorn.error | Exception in ASGI application
Traceback (most recent call last):
  File "C:\Users\HP\AI-Mental-Health-Harassment-Safety-checker\backend\venv\Lib\site-packages\uvicorn\protocols\http\httptools_impl.py", line 416, in run_asgi
    result = await app(  # type: ignore[func-returns-value]
             ^^^^^^^^^^^^^^^^^^^^^^^^^^^^^^^^^^^^^^^^^^^^^^
  File "C:\Users\HP\AI-Mental-Health-Harassment-Safety-checker\backend\venv\Lib\site-packages\uvicorn\middleware\proxy_headers.py", line 60, in __call__
    return await self.app(scope, receive, send)
           ^^^^^^^^^^^^^^^^^^^^^^^^^^^^^^^^^^^^
  File "C:\Users\HP\AI-Mental-Health-Harassment-Safety-checker\backend\venv\Lib\site-packages\fastapi\applications.py", line 1160, in __call__
    await super().__call__(scope, receive, send)
  File "C:\Users\HP\AI-Mental-Health-Harassment-Safety-checker\backend\venv\Lib\site-packages\starlette\applications.py", line 107, in __call__
    await self.middleware_stack(scope, receive, send)
  File "C:\Users\HP\AI-Mental-Health-Harassment-Safety-checker\backend\venv\Lib\site-packages\starlette\middleware\errors.py", line 186, in __call__
    raise exc
  File "C:\Users\HP\AI-Mental-Health-Harassment-Safety-checker\backend\venv\Lib\site-packages\starlette\middleware\errors.py", line 164, in __call__
    await self.app(scope, receive, _send)
  File "C:\Users\HP\AI-Mental-Health-Harassment-Safety-checker\backend\venv\Lib\site-packages\starlette\middleware\cors.py", line 95, in __call__
    await self.simple_response(scope, receive, send, request_headers=headers)
  File "C:\Users\HP\AI-Mental-Health-Harassment-Safety-checker\backend\venv\Lib\site-packages\starlette\middleware\cors.py", line 153, in simple_response
    await self.app(scope, receive, send)
  File "C:\Users\HP\AI-Mental-Health-Harassment-Safety-checker\backend\venv\Lib\site-packages\starlette\middleware\base.py", line 191, in __call__
    with recv_stream, send_stream, collapse_excgroups():
  File "C:\Program Files\Python312\Lib\contextlib.py", line 158, in __exit__
    self.gen.throw(value)
  File "C:\Users\HP\AI-Mental-Health-Harassment-Safety-checker\backend\venv\Lib\site-packages\starlette\_utils.py", line 87, in collapse_excgroups
    raise exc
  File "C:\Users\HP\AI-Mental-Health-Harassment-Safety-checker\backend\venv\Lib\site-packages\starlette\middleware\base.py", line 193, in __call__
    response = await self.dispatch_func(request, call_next)
               ^^^^^^^^^^^^^^^^^^^^^^^^^^^^^^^^^^^^^^^^^^^^
  File "C:\Users\HP\AI-Mental-Health-Harassment-Safety-checker\backend\logger\middleware.py", line 29, in dispatch
    response   = await call_next(request)
                 ^^^^^^^^^^^^^^^^^^^^^^^^
  File "C:\Users\HP\AI-Mental-Health-Harassment-Safety-checker\backend\venv\Lib\site-packages\starlette\middleware\base.py", line 168, in call_next
    raise app_exc from app_exc.__cause__ or app_exc.__context__
  File "C:\Users\HP\AI-Mental-Health-Harassment-Safety-checker\backend\venv\Lib\site-packages\starlette\middleware\base.py", line 144, in coro
    await self.app(scope, receive_or_disconnect, send_no_error)
  File "C:\Users\HP\AI-Mental-Health-Harassment-Safety-checker\backend\venv\Lib\site-packages\starlette\middleware\exceptions.py", line 63, in __call__
    await wrap_app_handling_exceptions(self.app, conn)(scope, receive, send)
  File "C:\Users\HP\AI-Mental-Health-Harassment-Safety-checker\backend\venv\Lib\site-packages\starlette\_exception_handler.py", line 53, in wrapped_app
    raise exc
  File "C:\Users\HP\AI-Mental-Health-Harassment-Safety-checker\backend\venv\Lib\site-packages\starlette\_exception_handler.py", line 42, in wrapped_app
    await app(scope, receive, sender)
  File "C:\Users\HP\AI-Mental-Health-Harassment-Safety-checker\backend\venv\Lib\site-packages\fastapi\middleware\asyncexitstack.py", line 18, in __call__
    await self.app(scope, receive, send)
  File "C:\Users\HP\AI-Mental-Health-Harassment-Safety-checker\backend\venv\Lib\site-packages\starlette\routing.py", line 716, in __call__
    await self.middleware_stack(scope, receive, send)
  File "C:\Users\HP\AI-Mental-Health-Harassment-Safety-checker\backend\venv\Lib\site-packages\starlette\routing.py", line 736, in app
    await route.handle(scope, receive, send)
  File "C:\Users\HP\AI-Mental-Health-Harassment-Safety-checker\backend\venv\Lib\site-packages\starlette\routing.py", line 290, in handle
    await self.app(scope, receive, send)
  File "C:\Users\HP\AI-Mental-Health-Harassment-Safety-checker\backend\venv\Lib\site-packages\fastapi\routing.py", line 130, in app
    await wrap_app_handling_exceptions(app, request)(scope, receive, send)
  File "C:\Users\HP\AI-Mental-Health-Harassment-Safety-checker\backend\venv\Lib\site-packages\starlette\_exception_handler.py", line 53, in wrapped_app
    raise exc
  File "C:\Users\HP\AI-Mental-Health-Harassment-Safety-checker\backend\venv\Lib\site-packages\starlette\_exception_handler.py", line 42, in wrapped_app
    await app(scope, receive, sender)
  File "C:\Users\HP\AI-Mental-Health-Harassment-Safety-checker\backend\venv\Lib\site-packages\fastapi\routing.py", line 116, in app
    response = await f(request)
               ^^^^^^^^^^^^^^^^
  File "C:\Users\HP\AI-Mental-Health-Harassment-Safety-checker\backend\venv\Lib\site-packages\fastapi\routing.py", line 670, in app
    raw_response = await run_endpoint_function(
                   ^^^^^^^^^^^^^^^^^^^^^^^^^^^^
  File "C:\Users\HP\AI-Mental-Health-Harassment-Safety-checker\backend\venv\Lib\site-packages\fastapi\routing.py", line 324, in run_endpoint_function
    return await dependant.call(**values)
           ^^^^^^^^^^^^^^^^^^^^^^^^^^^^^^
  File "C:\Users\HP\AI-Mental-Health-Harassment-Safety-checker\backend\routers\assessment.py", line 54, in generate_assessment
    result = await generate_dynamic_questions(
             ^^^^^^^^^^^^^^^^^^^^^^^^^^^^^^^^^
  File "C:\Users\HP\AI-Mental-Health-Harassment-Safety-checker\backend\services\assessment_service.py", line 174, in generate_dynamic_questions
    response = client.models.generate_content(
               ^^^^^^^^^^^^^^^^^^^^^^^^^^^^^^^
  File "C:\Users\HP\AI-Mental-Health-Harassment-Safety-checker\backend\venv\Lib\site-packages\google\genai\models.py", line 5864, in generate_content
    response = self._generate_content(
               ^^^^^^^^^^^^^^^^^^^^^^^
  File "C:\Users\HP\AI-Mental-Health-Harassment-Safety-checker\backend\venv\Lib\site-packages\google\genai\models.py", line 4526, in _generate_content
    response = self._api_client.request(
               ^^^^^^^^^^^^^^^^^^^^^^^^^
  File "C:\Users\HP\AI-Mental-Health-Harassment-Safety-checker\backend\venv\Lib\site-packages\google\genai\_api_client.py", line 1402, in request
    response = self._request(http_request, http_options, stream=False)
               ^^^^^^^^^^^^^^^^^^^^^^^^^^^^^^^^^^^^^^^^^^^^^^^^^^^^^^^
  File "C:\Users\HP\AI-Mental-Health-Harassment-Safety-checker\backend\venv\Lib\site-packages\google\genai\_api_client.py", line 1238, in _request
    return self._retry(self._request_once, http_request, stream)  # type: ignore[no-any-return]
           ^^^^^^^^^^^^^^^^^^^^^^^^^^^^^^^^^^^^^^^^^^^^^^^^^^^^^
  File "C:\Users\HP\AI-Mental-Health-Harassment-Safety-checker\backend\venv\Lib\site-packages\tenacity\__init__.py", line 470, in __call__
    do = self.iter(retry_state=retry_state)
         ^^^^^^^^^^^^^^^^^^^^^^^^^^^^^^^^^^
  File "C:\Users\HP\AI-Mental-Health-Harassment-Safety-checker\backend\venv\Lib\site-packages\tenacity\__init__.py", line 371, in iter
    result = action(retry_state)
             ^^^^^^^^^^^^^^^^^^^
  File "C:\Users\HP\AI-Mental-Health-Harassment-Safety-checker\backend\venv\Lib\site-packages\tenacity\__init__.py", line 413, in exc_check
    raise retry_exc.reraise()
          ^^^^^^^^^^^^^^^^^^^
  File "C:\Users\HP\AI-Mental-Health-Harassment-Safety-checker\backend\venv\Lib\site-packages\tenacity\__init__.py", line 184, in reraise
    raise self.last_attempt.result()
          ^^^^^^^^^^^^^^^^^^^^^^^^^^
  File "C:\Program Files\Python312\Lib\concurrent\futures\_base.py", line 449, in result
    return self.__get_result()
           ^^^^^^^^^^^^^^^^^^^
  File "C:\Program Files\Python312\Lib\concurrent\futures\_base.py", line 401, in __get_result
    raise self._exception
  File "C:\Users\HP\AI-Mental-Health-Harassment-Safety-checker\backend\venv\Lib\site-packages\tenacity\__init__.py", line 473, in __call__
    result = fn(*args, **kwargs)
             ^^^^^^^^^^^^^^^^^^^
  File "C:\Users\HP\AI-Mental-Health-Harassment-Safety-checker\backend\venv\Lib\site-packages\google\genai\_api_client.py", line 1215, in _request_once
    errors.APIError.raise_for_response(response)
  File "C:\Users\HP\AI-Mental-Health-Harassment-Safety-checker\backend\venv\Lib\site-packages\google\genai\errors.py", line 134, in raise_for_response
    cls.raise_error(response.status_code, response_json, response)
  File "C:\Users\HP\AI-Mental-Health-Harassment-Safety-checker\backend\venv\Lib\site-packages\google\genai\errors.py", line 159, in raise_error
    raise ClientError(status_code, response_json, response)
google.genai.errors.ClientError: 400 INVALID_ARGUMENT. {'error': {'code': 400, 'message': 'API key expired. Please renew the API key.', 'status': 'INVALID_ARGUMENT', 'details': [{'@type': 'type.googleapis.com/google.rpc.ErrorInfo', 'reason': 'API_KEY_INVALID', 'domain': 'googleapis.com', 'metadata': {'service': 'generativelanguage.googleapis.com'}}, {'@type': 'type.googleapis.com/google.rpc.LocalizedMessage', 'locale': 'en-US', 'message': 'API key expired. Please renew the API key.'}]}}
2026-04-13 17:51:33 | ERROR    | uvicorn.error | Traceback (most recent call last):
  File "C:\Program Files\Python312\Lib\asyncio\runners.py", line 194, in run
    return runner.run(main)
           ^^^^^^^^^^^^^^^^
  File "C:\Program Files\Python312\Lib\asyncio\runners.py", line 118, in run
    return self._loop.run_until_complete(task)
           ^^^^^^^^^^^^^^^^^^^^^^^^^^^^^^^^^^^
  File "C:\Program Files\Python312\Lib\asyncio\base_events.py", line 671, in run_until_complete
    self.run_forever()
  File "C:\Program Files\Python312\Lib\asyncio\base_events.py", line 638, in run_forever
    self._run_once()
  File "C:\Program Files\Python312\Lib\asyncio\base_events.py", line 1971, in _run_once
    handle._run()
  File "C:\Program Files\Python312\Lib\asyncio\events.py", line 84, in _run
    self._context.run(self._callback, *self._args)
  File "C:\Users\HP\AI-Mental-Health-Harassment-Safety-checker\backend\venv\Lib\site-packages\uvicorn\server.py", line 78, in serve
    with self.capture_signals():
  File "C:\Program Files\Python312\Lib\contextlib.py", line 144, in __exit__
    next(self.gen)
  File "C:\Users\HP\AI-Mental-Health-Harassment-Safety-checker\backend\venv\Lib\site-packages\uvicorn\server.py", line 339, in capture_signals
    signal.raise_signal(captured_signal)
  File "C:\Program Files\Python312\Lib\asyncio\runners.py", line 157, in _on_sigint
    raise KeyboardInterrupt()
KeyboardInterrupt

During handling of the above exception, another exception occurred:

Traceback (most recent call last):
  File "C:\Users\HP\AI-Mental-Health-Harassment-Safety-checker\backend\venv\Lib\site-packages\starlette\routing.py", line 701, in lifespan
    await receive()
  File "C:\Users\HP\AI-Mental-Health-Harassment-Safety-checker\backend\venv\Lib\site-packages\uvicorn\lifespan\on.py", line 137, in receive
    return await self.receive_queue.get()
           ^^^^^^^^^^^^^^^^^^^^^^^^^^^^^^
  File "C:\Program Files\Python312\Lib\asyncio\queues.py", line 158, in get
    await getter
asyncio.exceptions.CancelledError

2026-04-13 17:51:33 | ERROR    | uvicorn.error | Exception in ASGI application
Traceback (most recent call last):
  File "C:\Program Files\Python312\Lib\asyncio\runners.py", line 194, in run
    return runner.run(main)
           ^^^^^^^^^^^^^^^^
  File "C:\Program Files\Python312\Lib\asyncio\runners.py", line 118, in run
    return self._loop.run_until_complete(task)
           ^^^^^^^^^^^^^^^^^^^^^^^^^^^^^^^^^^^
  File "C:\Program Files\Python312\Lib\asyncio\base_events.py", line 671, in run_until_complete
    self.run_forever()
  File "C:\Program Files\Python312\Lib\asyncio\base_events.py", line 638, in run_forever
    self._run_once()
  File "C:\Program Files\Python312\Lib\asyncio\base_events.py", line 1971, in _run_once
    handle._run()
  File "C:\Program Files\Python312\Lib\asyncio\events.py", line 84, in _run
    self._context.run(self._callback, *self._args)
  File "C:\Users\HP\AI-Mental-Health-Harassment-Safety-checker\backend\venv\Lib\site-packages\uvicorn\server.py", line 78, in serve
    with self.capture_signals():
  File "C:\Program Files\Python312\Lib\contextlib.py", line 144, in __exit__
    next(self.gen)
  File "C:\Users\HP\AI-Mental-Health-Harassment-Safety-checker\backend\venv\Lib\site-packages\uvicorn\server.py", line 339, in capture_signals
    signal.raise_signal(captured_signal)
  File "C:\Program Files\Python312\Lib\asyncio\runners.py", line 157, in _on_sigint
    raise KeyboardInterrupt()
KeyboardInterrupt

During handling of the above exception, another exception occurred:

Traceback (most recent call last):
  File "C:\Users\HP\AI-Mental-Health-Harassment-Safety-checker\backend\venv\Lib\site-packages\uvicorn\protocols\http\httptools_impl.py", line 416, in run_asgi
    result = await app(  # type: ignore[func-returns-value]
             ^^^^^^^^^^^^^^^^^^^^^^^^^^^^^^^^^^^^^^^^^^^^^^
  File "C:\Users\HP\AI-Mental-Health-Harassment-Safety-checker\backend\venv\Lib\site-packages\uvicorn\middleware\proxy_headers.py", line 60, in __call__
    return await self.app(scope, receive, send)
           ^^^^^^^^^^^^^^^^^^^^^^^^^^^^^^^^^^^^
  File "C:\Users\HP\AI-Mental-Health-Harassment-Safety-checker\backend\venv\Lib\site-packages\fastapi\applications.py", line 1160, in __call__
    await super().__call__(scope, receive, send)
  File "C:\Users\HP\AI-Mental-Health-Harassment-Safety-checker\backend\venv\Lib\site-packages\starlette\applications.py", line 107, in __call__
    await self.middleware_stack(scope, receive, send)
  File "C:\Users\HP\AI-Mental-Health-Harassment-Safety-checker\backend\venv\Lib\site-packages\starlette\middleware\errors.py", line 164, in __call__
    await self.app(scope, receive, _send)
  File "C:\Users\HP\AI-Mental-Health-Harassment-Safety-checker\backend\venv\Lib\site-packages\starlette\middleware\cors.py", line 95, in __call__
    await self.simple_response(scope, receive, send, request_headers=headers)
  File "C:\Users\HP\AI-Mental-Health-Harassment-Safety-checker\backend\venv\Lib\site-packages\starlette\middleware\cors.py", line 153, in simple_response
    await self.app(scope, receive, send)
  File "C:\Users\HP\AI-Mental-Health-Harassment-Safety-checker\backend\venv\Lib\site-packages\starlette\middleware\base.py", line 192, in __call__
    async with anyio.create_task_group() as task_group:
  File "C:\Users\HP\AI-Mental-Health-Harassment-Safety-checker\backend\venv\Lib\site-packages\anyio\_backends\_asyncio.py", line 787, in __aexit__
    raise exc_val
  File "C:\Users\HP\AI-Mental-Health-Harassment-Safety-checker\backend\venv\Lib\site-packages\starlette\middleware\base.py", line 193, in __call__
    response = await self.dispatch_func(request, call_next)
               ^^^^^^^^^^^^^^^^^^^^^^^^^^^^^^^^^^^^^^^^^^^^
  File "C:\Users\HP\AI-Mental-Health-Harassment-Safety-checker\backend\logger\middleware.py", line 29, in dispatch
    response   = await call_next(request)
                 ^^^^^^^^^^^^^^^^^^^^^^^^
  File "C:\Users\HP\AI-Mental-Health-Harassment-Safety-checker\backend\venv\Lib\site-packages\starlette\middleware\base.py", line 151, in call_next
    message = await recv_stream.receive()
              ^^^^^^^^^^^^^^^^^^^^^^^^^^^
  File "C:\Users\HP\AI-Mental-Health-Harassment-Safety-checker\backend\venv\Lib\site-packages\anyio\streams\memory.py", line 125, in receive
    await receive_event.wait()
  File "C:\Users\HP\AI-Mental-Health-Harassment-Safety-checker\backend\venv\Lib\site-packages\anyio\_backends\_asyncio.py", line 1789, in wait
    await self._event.wait()
  File "C:\Program Files\Python312\Lib\asyncio\locks.py", line 212, in wait
    await fut
asyncio.exceptions.CancelledError
